1
                 Chemistry at HARvard Macromolecular Mechanics
                   (CHARMM) - Developmental Version 35b4   February 15, 2010   
       Copyright(c) 1984-2001  President and Fellows of Harvard College
                              All Rights Reserved
      Current operating system: Linux-2.6.25.11-0.1-default(x86_64)@seurat.c
                 Created on  4/ 3/11 at 16:28:42 by user: jyesselm    

            Maximum number of ATOMS:    240480, and RESidues:       80160
            Current HEAP size:        10240000, and STACK size:  10000000

 RDTITL> BOMBLEV -1
 RDTITL> No title read.

      ***** LEVEL  1 WARNING FROM <RDTITL> *****
      ***** Title expected.
      ******************************************
      BOMLEV (  0) IS NOT REACHED. WRNLEV IS  5

  
 CHARMM>    bomblev -1
  
 CHARMM>     
  
 CHARMM>    open unit 10 read form name "test.rtf"
 VOPEN> Attempting to open::test.rtf::
 OPNLGU> Unit 10 opened for READONLY access to /home/jyesselm/Dropbox/Public/Work/MATCH_RELEASE/MATCH/examples/1/test.rtf
  
 CHARMM>    read rtf card unit 10
 MAINIO> Residue topology file being read from unit  10.
 TITLE> * CHARMM RTF BUILT BY MATCH
 TITLE> *
  
 CHARMM>    close unit 10
 VCLOSE: Closing unit   10 with status "KEEP"
  
 CHARMM>     
  
 CHARMM>    open unit 10 read form name "test.prm"
 VOPEN> Attempting to open::test.prm::
 OPNLGU> Unit 10 opened for READONLY access to /home/jyesselm/Dropbox/Public/Work/MATCH_RELEASE/MATCH/examples/1/test.prm
  
 CHARMM>    read para card unit 10

          PARAMETER FILE BEING READ FROM UNIT 10
 TITLE> * PRM FILE BUILT BY MATCH
 TITLE> *
 PARMIO> NONBOND, HBOND lists and IMAGE atoms cleared.
  
 CHARMM>    close unit 10
 VCLOSE: Closing unit   10 with status "KEEP"
  
 CHARMM>     
  
 CHARMM>    READ SEQU PDB NAME "test.pdb"
 VOPEN> Attempting to open::test.pdb::
 MAINIO> Sequence information being read from unit  90.
 TITLE>  *

          RESIDUE SEQUENCE --     1 RESIDUES
          RES 
 VCLOSE: Closing unit   90 with status "KEEP"
  
 CHARMM>     
  
 CHARMM>    generate test first none last none setup
 NO PATCHING WILL BE DONE ON THE FIRST RESIDUE
 NO PATCHING WILL BE DONE ON THE LAST  RESIDUE
 GENPSF> Segment   1 has been generated. Its identifier is TEST.
 PSFSUM> PSF modified: NONBOND lists and IMAGE atoms cleared.
 PSFSUM> Summary of the structure file counters :
         Number of segments      =        1   Number of residues   =        1
         Number of atoms         =       21   Number of groups     =        1
         Number of bonds         =       22   Number of angles     =       37
         Number of dihedrals     =       48   Number of impropers  =        2
         Number of cross-terms   =        0
         Number of HB acceptors  =        0   Number of HB donors  =        0
         Number of NB exclusions =        0   Total charge =    0.00000
  
 CHARMM>     
  
 CHARMM>    read coord pdb name "test.pdb"
 VOPEN> Attempting to open::test.pdb::
  read CHARMM-pdb format
          SPATIAL COORDINATES BEING READ FROM UNIT 90
 TITLE>  *
 VCLOSE: Closing unit   90 with status "KEEP"
  
 CHARMM>     
  
 CHARMM>    mini sd nstep 100

 NONBOND OPTION FLAGS: 
     ELEC     VDW      ATOMs    CDIElec  SHIFt    VATOm    VSWItch 
     BYGRoup  NOEXtnd  NOEWald 
 CUTNB  = 14.000 CTEXNB =999.000 CTONNB = 10.000 CTOFNB = 12.000
 WMIN   =  1.500 WRNMXD =  0.500 E14FAC =  1.000 EPS    =  1.000
 NBXMOD =      5
 There are        0 atom  pairs and        0 atom  exclusions.
 There are        0 group pairs and        0 group exclusions.
 <MAKINB> with mode   5 found     59 exclusions and     40 interactions(1-4)
 <MAKGRP> found      0 group exclusions.
 Generating nonbond list with Exclusion mode = 5
 == PRIMARY == SPACE FOR      211 ATOM PAIRS AND        0 GROUP PAIRS

 General atom nonbond list generation found:
      151 ATOM PAIRS WERE FOUND FOR ATOM LIST
        0 GROUP PAIRS REQUIRED ATOM SEARCHES



 STEEPD> An energy minimization has been requested.

 NSTEP  =          100   NPRINT =           10
 STEP   =    0.0200000   TOLFUN =    0.0000000
 TOLGRD =    0.0000000   TOLSTP =    0.0000000

MINI MIN: Cycle      ENERgy      Delta-E         GRMS    Step-size
MINI INTERN:          BONDs       ANGLes       UREY-b    DIHEdrals    IMPRopers
MINI EXTERN:        VDWaals         ELEC       HBONds          ASP         USER
 ----------       ---------    ---------    ---------    ---------    ---------
MINI>        0     18.48758      0.00000     22.26290      0.02000
MINI INTERN>        3.44297     11.02800      0.00000      1.34018      0.00766
MINI EXTERN>       18.59970    -15.93093      0.00000      0.00000      0.00000
 ----------       ---------    ---------    ---------    ---------    ---------
MINI>       10      8.45637     10.03121      7.05630      0.00373
MINI INTERN>        2.39642      6.43740      0.00000      1.14464      0.00011
MINI EXTERN>       14.96956    -16.49176      0.00000      0.00000      0.00000
 ----------       ---------    ---------    ---------    ---------    ---------
MINI>       20      7.28563      1.17073      1.88816      0.00167
MINI INTERN>        1.97786      6.84086      0.00000      1.13506      0.00008
MINI EXTERN>       14.12079    -16.78901      0.00000      0.00000      0.00000
 ----------       ---------    ---------    ---------    ---------    ---------
MINI>       30      7.05028      0.23535      1.02674      0.00075
MINI INTERN>        2.34810      6.71470      0.00000      1.13136      0.00005
MINI EXTERN>       13.71792    -16.86187      0.00000      0.00000      0.00000
 ----------       ---------    ---------    ---------    ---------    ---------
MINI>       40      6.97686      0.07342      1.25002      0.00080
MINI INTERN>        2.42793      6.76603      0.00000      1.12975      0.00004
MINI EXTERN>       13.56162    -16.90852      0.00000      0.00000      0.00000
 ----------       ---------    ---------    ---------    ---------    ---------
MINI>       50      6.92735      0.04951      0.58940      0.00036
MINI INTERN>        2.34890      6.82511      0.00000      1.12884      0.00004
MINI EXTERN>       13.49166    -16.86719      0.00000      0.00000      0.00000
 ----------       ---------    ---------    ---------    ---------    ---------
MINI>       60      6.91117      0.01618      0.69531      0.00039
MINI INTERN>        2.37089      6.79930      0.00000      1.12836      0.00003
MINI EXTERN>       13.45761    -16.84503      0.00000      0.00000      0.00000
 ----------       ---------    ---------    ---------    ---------    ---------
MINI>       70      6.89749      0.01367      0.20118      0.00017
MINI INTERN>        2.39591      6.79916      0.00000      1.12801      0.00003
MINI EXTERN>       13.44551    -16.87113      0.00000      0.00000      0.00000
 ----------       ---------    ---------    ---------    ---------    ---------
MINI>       80      6.89247      0.00502      0.29748      0.00019
MINI INTERN>        2.39618      6.79622      0.00000      1.12772      0.00004
MINI EXTERN>       13.43936    -16.86704      0.00000      0.00000      0.00000
 ----------       ---------    ---------    ---------    ---------    ---------
MINI>       90      6.88866      0.00381      0.08056      0.00008
MINI INTERN>        2.37955      6.80013      0.00000      1.12748      0.00004
MINI EXTERN>       13.43817    -16.85670      0.00000      0.00000      0.00000
 ----------       ---------    ---------    ---------    ---------    ---------
MINI>      100      6.88660      0.00206      0.13896      0.00009
MINI INTERN>        2.37323      6.79768      0.00000      1.12724      0.00005
MINI EXTERN>       13.43779    -16.84938      0.00000      0.00000      0.00000
 ----------       ---------    ---------    ---------    ---------    ---------

 STEEPD> Minimization exiting with number of steps limit (       100) exceeded.

STPD MIN: Cycle      ENERgy      Delta-E         GRMS    Step-size
STPD INTERN:          BONDs       ANGLes       UREY-b    DIHEdrals    IMPRopers
STPD EXTERN:        VDWaals         ELEC       HBONds          ASP         USER
 ----------       ---------    ---------    ---------    ---------    ---------
STPD>      100      6.88660      0.00206      0.13896      0.00011
STPD INTERN>        2.37323      6.79768      0.00000      1.12724      0.00005
STPD EXTERN>       13.43779    -16.84938      0.00000      0.00000      0.00000
 ----------       ---------    ---------    ---------    ---------    ---------
  
 CHARMM>     
  
 CHARMM>    ener

 NONBOND OPTION FLAGS: 
     ELEC     VDW      ATOMs    CDIElec  SHIFt    VATOm    VSWItch 
     BYGRoup  NOEXtnd  NOEWald 
 CUTNB  = 14.000 CTEXNB =999.000 CTONNB = 10.000 CTOFNB = 12.000
 WMIN   =  1.500 WRNMXD =  0.500 E14FAC =  1.000 EPS    =  1.000
 NBXMOD =      5
 There are      151 atom  pairs and       99 atom  exclusions.
 There are        0 group pairs and        0 group exclusions.
 Generating nonbond list with Exclusion mode = 5
 == PRIMARY == SPACE FOR      211 ATOM PAIRS AND        0 GROUP PAIRS

 General atom nonbond list generation found:
      151 ATOM PAIRS WERE FOUND FOR ATOM LIST
        0 GROUP PAIRS REQUIRED ATOM SEARCHES

ENER ENR:  Eval#     ENERgy      Delta-E         GRMS
ENER INTERN:          BONDs       ANGLes       UREY-b    DIHEdrals    IMPRopers
ENER EXTERN:        VDWaals         ELEC       HBONds          ASP         USER
 ----------       ---------    ---------    ---------    ---------    ---------
ENER>        0      6.88660      0.00206      0.13896
ENER INTERN>        2.37323      6.79768      0.00000      1.12724      0.00005
ENER EXTERN>       13.43779    -16.84938      0.00000      0.00000      0.00000
 ----------       ---------    ---------    ---------    ---------    ---------
  
$$$$$$  New timer profile $$$$$
   List time                       0.00 Other:            0.00
         Electrostatic & VDW             0.00 Other:            0.00
      Nonbond force                   0.00 Other:            0.00
         Bond energy                     0.00 Other:            0.00
         Angle energy                    0.00 Other:            0.00
         Dihedral energy                 0.00 Other:            0.00
         Restraints energy               0.00 Other:            0.00
      INTRNL energy                   0.00 Other:            0.00
   Energy time                     0.00 Other:            0.00
 Total time                      0.04 Other:            0.04

                    NORMAL TERMINATION BY END OF FILE
                    MAXIMUM STACK SPACE USED IS   80160
                    STACK CURRENTLY IN USE IS         0
                    MOST SEVERE WARNING WAS AT LEVEL  1
                    HEAP PRINTOUT-  HEAP SIZE         10240000
                    SPACE CURRENTLY IN USE IS                0
                    MAXIMUM SPACE USED IS                 1804
                    FREE LIST
  PRINHP> ADDRESS:               1 LENGTH:        10240000 NEXT:               0

                    $$$$$ JOB ACCOUNTING INFORMATION $$$$$
                     ELAPSED TIME:     0.04  SECONDS 
                         CPU TIME:     0.01  SECONDS 
